# JRE version: Java(TM) SE Runtime Environment (12.0.1+12) (build 12.0.1+12)
# Java VM: Java HotSpot(TM) 64-Bit Server VM (12.0.1+12, mixed mode, sharing, tiered, compressed oops, g1 gc, windows-amd64)
Heap:
 garbage-first heap   total 37888K, used 21886K [0x0000000081800000, 0x0000000100000000)
  region size 1024K, 6 young (6144K), 2 survivors (2048K)
 Metaspace       used 38869K, capacity 39818K, committed 40012K, reserved 1083392K
  class space    used 4783K, capacity 5161K, committed 5248K, reserved 1048576K
GC Heap History (10 events):
Event: 10.257 GC heap before
{Heap before GC invocations=10 (full 0):
 garbage-first heap   total 37888K, used 26183K [0x0000000081800000, 0x0000000100000000)
  region size 1024K, 14 young (14336K), 1 survivors (1024K)
 Metaspace       used 32624K, capacity 33479K, committed 33536K, reserved 1079296K
  class space    used 3968K, capacity 4315K, committed 4352K, reserved 1048576K
}
Event: 10.263 GC heap after
{Heap after GC invocations=11 (full 0):
 garbage-first heap   total 37888K, used 14624K [0x0000000081800000, 0x0000000100000000)
  region size 1024K, 2 young (2048K), 2 survivors (2048K)
 Metaspace       used 32624K, capacity 33479K, committed 33536K, reserved 1079296K
  class space    used 3968K, capacity 4315K, committed 4352K, reserved 1048576K
}
Event: 10.633 GC heap before
{Heap before GC invocations=11 (full 0):
 garbage-first heap   total 37888K, used 25888K [0x0000000081800000, 0x0000000100000000)
  region size 1024K, 14 young (14336K), 2 survivors (2048K)
 Metaspace       used 33635K, capacity 34440K, committed 34688K, reserved 1079296K
  class space    used 4100K, capacity 4438K, committed 4480K, reserved 1048576K
}
Event: 10.638 GC heap after
{Heap after GC invocations=12 (full 0):
 garbage-first heap   total 37888K, used 15583K [0x0000000081800000, 0x0000000100000000)
  region size 1024K, 2 young (2048K), 2 survivors (2048K)
 Metaspace       used 33635K, capacity 34440K, committed 34688K, reserved 1079296K
  class space    used 4100K, capacity 4438K, committed 4480K, reserved 1048576K
}
Event: 11.032 GC heap before
{Heap before GC invocations=12 (full 0):
 garbage-first heap   total 37888K, used 25823K [0x0000000081800000, 0x0000000100000000)
  region size 1024K, 13 young (13312K), 2 survivors (2048K)
 Metaspace       used 34879K, capacity 35776K, committed 35840K, reserved 1081344K
  class space    used 4261K, capacity 4604K, committed 4608K, reserved 1048576K
}
Event: 11.040 GC heap after
{Heap after GC invocations=13 (full 0):
 garbage-first heap   total 37888K, used 16548K [0x0000000081800000, 0x0000000100000000)
  region size 1024K, 2 young (2048K), 2 survivors (2048K)
 Metaspace       used 34879K, capacity 35776K, committed 35840K, reserved 1081344K
  class space    used 4261K, capacity 4604K, committed 4608K, reserved 1048576K
}
Event: 12.996 GC heap before
{Heap before GC invocations=14 (full 0):
 garbage-first heap   total 37888K, used 27812K [0x0000000081800000, 0x0000000100000000)
  region size 1024K, 13 young (13312K), 2 survivors (2048K)
 Metaspace       used 36435K, capacity 37339K, committed 37580K, reserved 1081344K
  class space    used 4464K, capacity 4826K, committed 4864K, reserved 1048576K
}
Event: 13.003 GC heap after
{Heap after GC invocations=15 (full 0):
 garbage-first heap   total 37888K, used 17253K [0x0000000081800000, 0x0000000100000000)
  region size 1024K, 2 young (2048K), 2 survivors (2048K)
 Metaspace       used 36435K, capacity 37339K, committed 37580K, reserved 1081344K
  class space    used 4464K, capacity 4826K, committed 4864K, reserved 1048576K
}
Event: 13.542 GC heap before
{Heap before GC invocations=15 (full 0):
 garbage-first heap   total 37888K, used 27493K [0x0000000081800000, 0x0000000100000000)
  region size 1024K, 13 young (13312K), 2 survivors (2048K)
 Metaspace       used 38359K, capacity 39300K, committed 39372K, reserved 1083392K
  class space    used 4723K, capacity 5095K, committed 5120K, reserved 1048576K
}
Event: 13.546 GC heap after
{Heap after GC invocations=16 (full 0):
 garbage-first heap   total 37888K, used 18814K [0x0000000081800000, 0x0000000100000000)
  region size 1024K, 2 young (2048K), 2 survivors (2048K)
 Metaspace       used 38359K, capacity 39300K, committed 39372K, reserved 1083392K
  class space    used 4723K, capacity 5095K, committed 5120K, reserved 1048576K
}

